Performance Statistics   2014-02-13 19:31:00 - 2014-02-13 19:32:00
Tag                                                  Avg(ms)         Min         Max     Std Dev       Count

Performance Statistics   2014-02-13 19:32:00 - 2014-02-13 19:33:00
Tag                                                  Avg(ms)         Min         Max     Std Dev       Count
AUTHENTICATE                                             4.0           4           4         0.0           1
CREATE_TICKET_GRANTING_TICKET                            6.0           6           6         0.0           1
DESTROY_TICKET_GRANTING_TICKET                           2.0           0           4         2.0           2
GRANT_SERVICE_TICKET                                     2.0           2           2         0.0           1

Performance Statistics   2014-02-13 19:33:00 - 2014-02-13 19:34:00
Tag                                                  Avg(ms)         Min         Max     Std Dev       Count

Performance Statistics   2014-02-13 19:34:00 - 2014-02-13 19:35:00
Tag                                                  Avg(ms)         Min         Max     Std Dev       Count
GRANT_SERVICE_TICKET                                     1.0           1           1         0.0           1

Performance Statistics   2014-02-13 19:35:00 - 2014-02-13 19:36:00
Tag                                                  Avg(ms)         Min         Max     Std Dev       Count

Performance Statistics   2014-02-13 19:36:00 - 2014-02-13 19:37:00
Tag                                                  Avg(ms)         Min         Max     Std Dev       Count

Performance Statistics   2014-02-13 19:37:00 - 2014-02-13 19:38:00
Tag                                                  Avg(ms)         Min         Max     Std Dev       Count

Performance Statistics   2014-02-13 19:38:00 - 2014-02-13 19:39:00
Tag                                                  Avg(ms)         Min         Max     Std Dev       Count

Performance Statistics   2014-02-13 19:39:00 - 2014-02-13 19:40:00
Tag                                                  Avg(ms)         Min         Max     Std Dev       Count

Performance Statistics   2014-02-13 19:40:00 - 2014-02-13 19:41:00
Tag                                                  Avg(ms)         Min         Max     Std Dev       Count

Performance Statistics   2014-02-13 19:41:00 - 2014-02-13 19:42:00
Tag                                                  Avg(ms)         Min         Max     Std Dev       Count

Performance Statistics   2014-02-13 19:42:00 - 2014-02-13 19:43:00
Tag                                                  Avg(ms)         Min         Max     Std Dev       Count
GRANT_SERVICE_TICKET                                     1.0           1           1         0.0           1

Performance Statistics   2014-02-13 19:43:00 - 2014-02-13 19:44:00
Tag                                                  Avg(ms)         Min         Max     Std Dev       Count
GRANT_SERVICE_TICKET                                     0.0           0           0         0.0           1
VALIDATE_SERVICE_TICKET                                 11.0          11          11         0.0           1

Performance Statistics   2014-02-13 19:44:00 - 2014-02-13 19:45:00
Tag                                                  Avg(ms)         Min         Max     Std Dev       Count

Performance Statistics   2014-02-13 19:45:00 - 2014-02-13 19:46:00
Tag                                                  Avg(ms)         Min         Max     Std Dev       Count
GRANT_SERVICE_TICKET                                     0.1           0           1         0.3          12
VALIDATE_SERVICE_TICKET                                  1.4           0          17         4.7          12

Performance Statistics   2014-02-13 19:46:00 - 2014-02-13 19:47:00
Tag                                                  Avg(ms)         Min         Max     Std Dev       Count
GRANT_SERVICE_TICKET                                     1.0           1           1         0.0           1
VALIDATE_SERVICE_TICKET                                  0.0           0           0         0.0           1

Performance Statistics   2014-02-13 19:47:00 - 2014-02-13 19:48:00
Tag                                                  Avg(ms)         Min         Max     Std Dev       Count

Performance Statistics   2014-02-13 19:48:00 - 2014-02-13 19:49:00
Tag                                                  Avg(ms)         Min         Max     Std Dev       Count

Performance Statistics   2014-02-13 19:49:00 - 2014-02-13 19:50:00
Tag                                                  Avg(ms)         Min         Max     Std Dev       Count

Performance Statistics   2014-02-13 19:50:00 - 2014-02-13 19:51:00
Tag                                                  Avg(ms)         Min         Max     Std Dev       Count

Performance Statistics   2014-02-13 19:51:00 - 2014-02-13 19:52:00
Tag                                                  Avg(ms)         Min         Max     Std Dev       Count

Performance Statistics   2014-02-13 19:52:00 - 2014-02-13 19:53:00
Tag                                                  Avg(ms)         Min         Max     Std Dev       Count

Performance Statistics   2014-02-13 19:53:00 - 2014-02-13 19:54:00
Tag                                                  Avg(ms)         Min         Max     Std Dev       Count

Performance Statistics   2014-02-13 19:54:00 - 2014-02-13 19:55:00
Tag                                                  Avg(ms)         Min         Max     Std Dev       Count

Performance Statistics   2014-02-13 19:55:00 - 2014-02-13 19:56:00
Tag                                                  Avg(ms)         Min         Max     Std Dev       Count
GRANT_SERVICE_TICKET                                     0.0           0           0         0.0           1
VALIDATE_SERVICE_TICKET                                  0.0           0           0         0.0           1

Performance Statistics   2014-02-13 19:56:00 - 2014-02-13 19:57:00
Tag                                                  Avg(ms)         Min         Max     Std Dev       Count

Performance Statistics   2014-02-13 20:12:00 - 2014-02-13 20:13:00
Tag                                                  Avg(ms)         Min         Max     Std Dev       Count
AUTHENTICATE                                             6.0           6           6         0.0           1
CREATE_TICKET_GRANTING_TICKET                            8.0           8           8         0.0           1
DESTROY_TICKET_GRANTING_TICKET                           1.5           0           3         1.5           2
GRANT_SERVICE_TICKET                                     2.0           2           2         0.0           1
VALIDATE_SERVICE_TICKET                                 10.0          10          10         0.0           1

Performance Statistics   2014-02-13 20:13:00 - 2014-02-13 20:14:00
Tag                                                  Avg(ms)         Min         Max     Std Dev       Count
GRANT_SERVICE_TICKET                                     0.0           0           0         0.0           6
VALIDATE_SERVICE_TICKET                                  0.0           0           0         0.0           6

Performance Statistics   2014-02-13 20:14:00 - 2014-02-13 20:15:00
Tag                                                  Avg(ms)         Min         Max     Std Dev       Count

Performance Statistics   2014-02-13 20:15:00 - 2014-02-13 20:16:00
Tag                                                  Avg(ms)         Min         Max     Std Dev       Count

Performance Statistics   2014-02-13 20:16:00 - 2014-02-13 20:17:00
Tag                                                  Avg(ms)         Min         Max     Std Dev       Count

Performance Statistics   2014-02-13 20:17:00 - 2014-02-13 20:18:00
Tag                                                  Avg(ms)         Min         Max     Std Dev       Count

Performance Statistics   2014-02-13 20:18:00 - 2014-02-13 20:19:00
Tag                                                  Avg(ms)         Min         Max     Std Dev       Count

Performance Statistics   2014-02-13 20:19:00 - 2014-02-13 20:20:00
Tag                                                  Avg(ms)         Min         Max     Std Dev       Count

Performance Statistics   2014-02-13 20:20:00 - 2014-02-13 20:21:00
Tag                                                  Avg(ms)         Min         Max     Std Dev       Count

Performance Statistics   2014-02-13 20:21:00 - 2014-02-13 20:22:00
Tag                                                  Avg(ms)         Min         Max     Std Dev       Count

Performance Statistics   2014-02-13 20:22:00 - 2014-02-13 20:23:00
Tag                                                  Avg(ms)         Min         Max     Std Dev       Count

Performance Statistics   2014-02-13 20:23:00 - 2014-02-13 20:24:00
Tag                                                  Avg(ms)         Min         Max     Std Dev       Count
GRANT_SERVICE_TICKET                                     1.0           1           1         0.0           1
VALIDATE_SERVICE_TICKET                                  0.0           0           0         0.0           1

Performance Statistics   2014-02-13 20:24:00 - 2014-02-13 20:25:00
Tag                                                  Avg(ms)         Min         Max     Std Dev       Count
GRANT_SERVICE_TICKET                                     0.0           0           0         0.0           1
VALIDATE_SERVICE_TICKET                                  0.0           0           0         0.0           1

Performance Statistics   2014-02-13 20:25:00 - 2014-02-13 20:26:00
Tag                                                  Avg(ms)         Min         Max     Std Dev       Count

Performance Statistics   2014-02-13 20:26:00 - 2014-02-13 20:27:00
Tag                                                  Avg(ms)         Min         Max     Std Dev       Count

Performance Statistics   2014-02-13 20:27:00 - 2014-02-13 20:28:00
Tag                                                  Avg(ms)         Min         Max     Std Dev       Count

Performance Statistics   2014-02-13 20:28:00 - 2014-02-13 20:29:00
Tag                                                  Avg(ms)         Min         Max     Std Dev       Count

Performance Statistics   2014-02-13 20:29:00 - 2014-02-13 20:30:00
Tag                                                  Avg(ms)         Min         Max     Std Dev       Count

Performance Statistics   2014-02-13 20:30:00 - 2014-02-13 20:31:00
Tag                                                  Avg(ms)         Min         Max     Std Dev       Count

Performance Statistics   2014-02-13 20:31:00 - 2014-02-13 20:32:00
Tag                                                  Avg(ms)         Min         Max     Std Dev       Count

Performance Statistics   2014-02-13 20:32:00 - 2014-02-13 20:33:00
Tag                                                  Avg(ms)         Min         Max     Std Dev       Count

Performance Statistics   2014-02-13 20:33:00 - 2014-02-13 20:34:00
Tag                                                  Avg(ms)         Min         Max     Std Dev       Count

Performance Statistics   2014-02-13 20:34:00 - 2014-02-13 20:35:00
Tag                                                  Avg(ms)         Min         Max     Std Dev       Count

Performance Statistics   2014-02-13 20:35:00 - 2014-02-13 20:36:00
Tag                                                  Avg(ms)         Min         Max     Std Dev       Count

Performance Statistics   2014-02-13 20:36:00 - 2014-02-13 20:37:00
Tag                                                  Avg(ms)         Min         Max     Std Dev       Count

Performance Statistics   2014-02-13 20:37:00 - 2014-02-13 20:38:00
Tag                                                  Avg(ms)         Min         Max     Std Dev       Count

Performance Statistics   2014-02-13 20:38:00 - 2014-02-13 20:39:00
Tag                                                  Avg(ms)         Min         Max     Std Dev       Count

Performance Statistics   2014-02-13 20:39:00 - 2014-02-13 20:40:00
Tag                                                  Avg(ms)         Min         Max     Std Dev       Count

Performance Statistics   2014-02-13 20:40:00 - 2014-02-13 20:41:00
Tag                                                  Avg(ms)         Min         Max     Std Dev       Count

Performance Statistics   2014-02-13 20:42:00 - 2014-02-13 20:43:00
Tag                                                  Avg(ms)         Min         Max     Std Dev       Count
DESTROY_TICKET_GRANTING_TICKET                           3.0           3           3         0.0           1

Performance Statistics   2014-02-13 20:43:00 - 2014-02-13 20:44:00
Tag                                                  Avg(ms)         Min         Max     Std Dev       Count

Performance Statistics   2014-02-13 20:44:00 - 2014-02-13 20:45:00
Tag                                                  Avg(ms)         Min         Max     Std Dev       Count
AUTHENTICATE                                             4.0           4           4         0.0           1
CREATE_TICKET_GRANTING_TICKET                            6.0           6           6         0.0           1
DESTROY_TICKET_GRANTING_TICKET                           0.0           0           0         0.0           1
GRANT_SERVICE_TICKET                                     1.0           1           1         0.0           1
VALIDATE_SERVICE_TICKET                                 15.0          15          15         0.0           1

Performance Statistics   2014-02-13 20:45:00 - 2014-02-13 20:46:00
Tag                                                  Avg(ms)         Min         Max     Std Dev       Count

Performance Statistics   2014-02-13 20:46:00 - 2014-02-13 20:47:00
Tag                                                  Avg(ms)         Min         Max     Std Dev       Count

Performance Statistics   2014-02-13 20:47:00 - 2014-02-13 20:48:00
Tag                                                  Avg(ms)         Min         Max     Std Dev       Count

Performance Statistics   2014-02-13 20:48:00 - 2014-02-13 20:49:00
Tag                                                  Avg(ms)         Min         Max     Std Dev       Count

Performance Statistics   2014-02-13 20:49:00 - 2014-02-13 20:50:00
Tag                                                  Avg(ms)         Min         Max     Std Dev       Count

Performance Statistics   2014-02-13 20:50:00 - 2014-02-13 20:51:00
Tag                                                  Avg(ms)         Min         Max     Std Dev       Count

Performance Statistics   2014-02-13 20:51:00 - 2014-02-13 20:52:00
Tag                                                  Avg(ms)         Min         Max     Std Dev       Count

Performance Statistics   2014-02-13 20:52:00 - 2014-02-13 20:53:00
Tag                                                  Avg(ms)         Min         Max     Std Dev       Count

Performance Statistics   2014-02-13 20:53:00 - 2014-02-13 20:54:00
Tag                                                  Avg(ms)         Min         Max     Std Dev       Count

Performance Statistics   2014-02-13 20:54:00 - 2014-02-13 20:55:00
Tag                                                  Avg(ms)         Min         Max     Std Dev       Count

Performance Statistics   2014-02-13 20:55:00 - 2014-02-13 20:56:00
Tag                                                  Avg(ms)         Min         Max     Std Dev       Count

Performance Statistics   2014-02-13 20:56:00 - 2014-02-13 20:57:00
Tag                                                  Avg(ms)         Min         Max     Std Dev       Count

Performance Statistics   2014-02-13 20:57:00 - 2014-02-13 20:58:00
Tag                                                  Avg(ms)         Min         Max     Std Dev       Count

Performance Statistics   2014-02-13 20:58:00 - 2014-02-13 20:59:00
Tag                                                  Avg(ms)         Min         Max     Std Dev       Count

Performance Statistics   2014-02-13 20:59:00 - 2014-02-13 21:00:00
Tag                                                  Avg(ms)         Min         Max     Std Dev       Count

Performance Statistics   2014-02-13 21:00:00 - 2014-02-13 21:01:00
Tag                                                  Avg(ms)         Min         Max     Std Dev       Count

Performance Statistics   2014-02-13 21:01:00 - 2014-02-13 21:02:00
Tag                                                  Avg(ms)         Min         Max     Std Dev       Count

Performance Statistics   2014-02-13 21:02:00 - 2014-02-13 21:03:00
Tag                                                  Avg(ms)         Min         Max     Std Dev       Count

Performance Statistics   2014-02-13 21:03:00 - 2014-02-13 21:04:00
Tag                                                  Avg(ms)         Min         Max     Std Dev       Count

Performance Statistics   2014-02-13 21:04:00 - 2014-02-13 21:05:00
Tag                                                  Avg(ms)         Min         Max     Std Dev       Count

Performance Statistics   2014-02-13 21:05:00 - 2014-02-13 21:06:00
Tag                                                  Avg(ms)         Min         Max     Std Dev       Count
AUTHENTICATE                                             1.0           1           1         0.0           1
CREATE_TICKET_GRANTING_TICKET                            3.0           3           3         0.0           1

Performance Statistics   2014-02-13 21:06:00 - 2014-02-13 21:07:00
Tag                                                  Avg(ms)         Min         Max     Std Dev       Count

Performance Statistics   2014-02-13 21:07:00 - 2014-02-13 21:08:00
Tag                                                  Avg(ms)         Min         Max     Std Dev       Count

Performance Statistics   2014-02-13 21:08:00 - 2014-02-13 21:09:00
Tag                                                  Avg(ms)         Min         Max     Std Dev       Count

Performance Statistics   2014-02-13 21:09:00 - 2014-02-13 21:10:00
Tag                                                  Avg(ms)         Min         Max     Std Dev       Count

Performance Statistics   2014-02-13 21:10:00 - 2014-02-13 21:11:00
Tag                                                  Avg(ms)         Min         Max     Std Dev       Count

Performance Statistics   2014-02-13 21:11:00 - 2014-02-13 21:12:00
Tag                                                  Avg(ms)         Min         Max     Std Dev       Count

Performance Statistics   2014-02-13 21:12:00 - 2014-02-13 21:13:00
Tag                                                  Avg(ms)         Min         Max     Std Dev       Count

Performance Statistics   2014-02-13 21:13:00 - 2014-02-13 21:14:00
Tag                                                  Avg(ms)         Min         Max     Std Dev       Count

Performance Statistics   2014-02-13 21:14:00 - 2014-02-13 21:15:00
Tag                                                  Avg(ms)         Min         Max     Std Dev       Count

Performance Statistics   2014-02-13 21:15:00 - 2014-02-13 21:16:00
Tag                                                  Avg(ms)         Min         Max     Std Dev       Count

Performance Statistics   2014-02-13 21:16:00 - 2014-02-13 21:17:00
Tag                                                  Avg(ms)         Min         Max     Std Dev       Count

Performance Statistics   2014-02-13 21:17:00 - 2014-02-13 21:18:00
Tag                                                  Avg(ms)         Min         Max     Std Dev       Count

Performance Statistics   2014-02-13 21:18:00 - 2014-02-13 21:19:00
Tag                                                  Avg(ms)         Min         Max     Std Dev       Count

Performance Statistics   2014-02-13 21:19:00 - 2014-02-13 21:20:00
Tag                                                  Avg(ms)         Min         Max     Std Dev       Count

Performance Statistics   2014-02-13 21:20:00 - 2014-02-13 21:21:00
Tag                                                  Avg(ms)         Min         Max     Std Dev       Count

Performance Statistics   2014-02-13 21:21:00 - 2014-02-13 21:22:00
Tag                                                  Avg(ms)         Min         Max     Std Dev       Count

Performance Statistics   2014-02-13 21:22:00 - 2014-02-13 21:23:00
Tag                                                  Avg(ms)         Min         Max     Std Dev       Count

Performance Statistics   2014-02-13 21:23:00 - 2014-02-13 21:24:00
Tag                                                  Avg(ms)         Min         Max     Std Dev       Count

Performance Statistics   2014-02-13 21:24:00 - 2014-02-13 21:25:00
Tag                                                  Avg(ms)         Min         Max     Std Dev       Count

Performance Statistics   2014-02-13 21:25:00 - 2014-02-13 21:26:00
Tag                                                  Avg(ms)         Min         Max     Std Dev       Count

Performance Statistics   2014-02-13 21:26:00 - 2014-02-13 21:27:00
Tag                                                  Avg(ms)         Min         Max     Std Dev       Count

Performance Statistics   2014-02-13 21:27:00 - 2014-02-13 21:28:00
Tag                                                  Avg(ms)         Min         Max     Std Dev       Count

Performance Statistics   2014-02-13 21:28:00 - 2014-02-13 21:29:00
Tag                                                  Avg(ms)         Min         Max     Std Dev       Count

Performance Statistics   2014-02-13 21:29:00 - 2014-02-13 21:30:00
Tag                                                  Avg(ms)         Min         Max     Std Dev       Count

Performance Statistics   2014-02-13 21:30:00 - 2014-02-13 21:31:00
Tag                                                  Avg(ms)         Min         Max     Std Dev       Count

Performance Statistics   2014-02-13 21:31:00 - 2014-02-13 21:32:00
Tag                                                  Avg(ms)         Min         Max     Std Dev       Count

Performance Statistics   2014-02-13 21:32:00 - 2014-02-13 21:33:00
Tag                                                  Avg(ms)         Min         Max     Std Dev       Count

Performance Statistics   2014-02-13 21:33:00 - 2014-02-13 21:34:00
Tag                                                  Avg(ms)         Min         Max     Std Dev       Count

Performance Statistics   2014-02-13 21:34:00 - 2014-02-13 21:35:00
Tag                                                  Avg(ms)         Min         Max     Std Dev       Count

Performance Statistics   2014-02-13 21:35:00 - 2014-02-13 21:36:00
Tag                                                  Avg(ms)         Min         Max     Std Dev       Count

Performance Statistics   2014-02-13 21:36:00 - 2014-02-13 21:37:00
Tag                                                  Avg(ms)         Min         Max     Std Dev       Count

Performance Statistics   2014-02-13 21:37:00 - 2014-02-13 21:38:00
Tag                                                  Avg(ms)         Min         Max     Std Dev       Count

Performance Statistics   2014-02-13 21:38:00 - 2014-02-13 21:39:00
Tag                                                  Avg(ms)         Min         Max     Std Dev       Count

Performance Statistics   2014-02-13 21:39:00 - 2014-02-13 21:40:00
Tag                                                  Avg(ms)         Min         Max     Std Dev       Count

Performance Statistics   2014-02-13 21:40:00 - 2014-02-13 21:41:00
Tag                                                  Avg(ms)         Min         Max     Std Dev       Count

Performance Statistics   2014-02-13 21:41:00 - 2014-02-13 21:42:00
Tag                                                  Avg(ms)         Min         Max     Std Dev       Count

Performance Statistics   2014-02-13 21:42:00 - 2014-02-13 21:43:00
Tag                                                  Avg(ms)         Min         Max     Std Dev       Count

Performance Statistics   2014-02-13 21:43:00 - 2014-02-13 21:44:00
Tag                                                  Avg(ms)         Min         Max     Std Dev       Count

Performance Statistics   2014-02-13 21:44:00 - 2014-02-13 21:45:00
Tag                                                  Avg(ms)         Min         Max     Std Dev       Count

Performance Statistics   2014-02-13 21:45:00 - 2014-02-13 21:46:00
Tag                                                  Avg(ms)         Min         Max     Std Dev       Count

Performance Statistics   2014-02-13 21:46:00 - 2014-02-13 21:47:00
Tag                                                  Avg(ms)         Min         Max     Std Dev       Count

Performance Statistics   2014-02-13 21:47:00 - 2014-02-13 21:48:00
Tag                                                  Avg(ms)         Min         Max     Std Dev       Count

Performance Statistics   2014-07-29 14:25:00 - 2014-07-29 14:26:00
Tag                                                  Avg(ms)         Min         Max     Std Dev       Count
AUTHENTICATE                                             6.0           6           6         0.0           1
CREATE_TICKET_GRANTING_TICKET                            8.0           8           8         0.0           1

Performance Statistics   2014-07-29 14:26:00 - 2014-07-29 14:27:00
Tag                                                  Avg(ms)         Min         Max     Std Dev       Count

Performance Statistics   2014-07-29 14:27:00 - 2014-07-29 14:28:00
Tag                                                  Avg(ms)         Min         Max     Std Dev       Count

Performance Statistics   2014-07-29 14:28:00 - 2014-07-29 14:29:00
Tag                                                  Avg(ms)         Min         Max     Std Dev       Count

Performance Statistics   2014-07-29 14:29:00 - 2014-07-29 14:30:00
Tag                                                  Avg(ms)         Min         Max     Std Dev       Count

Performance Statistics   2014-07-29 14:30:00 - 2014-07-29 14:31:00
Tag                                                  Avg(ms)         Min         Max     Std Dev       Count

Performance Statistics   2014-07-29 14:31:00 - 2014-07-29 14:32:00
Tag                                                  Avg(ms)         Min         Max     Std Dev       Count

Performance Statistics   2014-07-29 14:32:00 - 2014-07-29 14:33:00
Tag                                                  Avg(ms)         Min         Max     Std Dev       Count

Performance Statistics   2014-07-29 14:33:00 - 2014-07-29 14:34:00
Tag                                                  Avg(ms)         Min         Max     Std Dev       Count

Performance Statistics   2014-07-29 14:34:00 - 2014-07-29 14:35:00
Tag                                                  Avg(ms)         Min         Max     Std Dev       Count

Performance Statistics   2014-07-29 14:35:00 - 2014-07-29 14:36:00
Tag                                                  Avg(ms)         Min         Max     Std Dev       Count

Performance Statistics   2014-07-29 14:36:00 - 2014-07-29 14:37:00
Tag                                                  Avg(ms)         Min         Max     Std Dev       Count

Performance Statistics   2014-07-29 14:37:00 - 2014-07-29 14:38:00
Tag                                                  Avg(ms)         Min         Max     Std Dev       Count

Performance Statistics   2014-07-29 14:38:00 - 2014-07-29 14:39:00
Tag                                                  Avg(ms)         Min         Max     Std Dev       Count

Performance Statistics   2014-07-29 14:39:00 - 2014-07-29 14:40:00
Tag                                                  Avg(ms)         Min         Max     Std Dev       Count

Performance Statistics   2014-07-29 14:40:00 - 2014-07-29 14:41:00
Tag                                                  Avg(ms)         Min         Max     Std Dev       Count

Performance Statistics   2014-07-29 14:41:00 - 2014-07-29 14:42:00
Tag                                                  Avg(ms)         Min         Max     Std Dev       Count

Performance Statistics   2014-07-29 14:42:00 - 2014-07-29 14:43:00
Tag                                                  Avg(ms)         Min         Max     Std Dev       Count

Performance Statistics   2014-07-29 14:43:00 - 2014-07-29 14:44:00
Tag                                                  Avg(ms)         Min         Max     Std Dev       Count

Performance Statistics   2014-07-29 14:44:00 - 2014-07-29 14:45:00
Tag                                                  Avg(ms)         Min         Max     Std Dev       Count

Performance Statistics   2014-07-29 14:45:00 - 2014-07-29 14:46:00
Tag                                                  Avg(ms)         Min         Max     Std Dev       Count

Performance Statistics   2014-07-29 14:46:00 - 2014-07-29 14:47:00
Tag                                                  Avg(ms)         Min         Max     Std Dev       Count

Performance Statistics   2014-07-29 14:47:00 - 2014-07-29 14:48:00
Tag                                                  Avg(ms)         Min         Max     Std Dev       Count

Performance Statistics   2014-07-29 14:48:00 - 2014-07-29 14:49:00
Tag                                                  Avg(ms)         Min         Max     Std Dev       Count

Performance Statistics   2014-07-29 14:49:00 - 2014-07-29 14:50:00
Tag                                                  Avg(ms)         Min         Max     Std Dev       Count

Performance Statistics   2014-07-29 14:50:00 - 2014-07-29 14:51:00
Tag                                                  Avg(ms)         Min         Max     Std Dev       Count

Performance Statistics   2014-07-29 14:51:00 - 2014-07-29 14:52:00
Tag                                                  Avg(ms)         Min         Max     Std Dev       Count

Performance Statistics   2014-07-29 14:52:00 - 2014-07-29 14:53:00
Tag                                                  Avg(ms)         Min         Max     Std Dev       Count

Performance Statistics   2014-07-29 14:53:00 - 2014-07-29 14:54:00
Tag                                                  Avg(ms)         Min         Max     Std Dev       Count
AUTHENTICATE                                            10.0          10          10         0.0           1
CREATE_TICKET_GRANTING_TICKET                           13.0          13          13         0.0           1
GRANT_SERVICE_TICKET                                    22.0          22          22         0.0           1
VALIDATE_SERVICE_TICKET                                 27.0          27          27         0.0           1

Performance Statistics   2014-07-29 14:54:00 - 2014-07-29 14:55:00
Tag                                                  Avg(ms)         Min         Max     Std Dev       Count

Performance Statistics   2014-07-29 14:55:00 - 2014-07-29 14:56:00
Tag                                                  Avg(ms)         Min         Max     Std Dev       Count

Performance Statistics   2014-07-29 14:56:00 - 2014-07-29 14:57:00
Tag                                                  Avg(ms)         Min         Max     Std Dev       Count

Performance Statistics   2014-07-29 14:57:00 - 2014-07-29 14:58:00
Tag                                                  Avg(ms)         Min         Max     Std Dev       Count

Performance Statistics   2014-07-29 14:58:00 - 2014-07-29 14:59:00
Tag                                                  Avg(ms)         Min         Max     Std Dev       Count

Performance Statistics   2014-07-29 14:59:00 - 2014-07-29 15:00:00
Tag                                                  Avg(ms)         Min         Max     Std Dev       Count

Performance Statistics   2014-07-29 15:00:00 - 2014-07-29 15:01:00
Tag                                                  Avg(ms)         Min         Max     Std Dev       Count

Performance Statistics   2014-07-29 15:01:00 - 2014-07-29 15:02:00
Tag                                                  Avg(ms)         Min         Max     Std Dev       Count

Performance Statistics   2014-07-29 15:02:00 - 2014-07-29 15:03:00
Tag                                                  Avg(ms)         Min         Max     Std Dev       Count

Performance Statistics   2014-07-29 15:03:00 - 2014-07-29 15:04:00
Tag                                                  Avg(ms)         Min         Max     Std Dev       Count

Performance Statistics   2014-07-29 15:04:00 - 2014-07-29 15:05:00
Tag                                                  Avg(ms)         Min         Max     Std Dev       Count

Performance Statistics   2014-07-29 15:05:00 - 2014-07-29 15:06:00
Tag                                                  Avg(ms)         Min         Max     Std Dev       Count

Performance Statistics   2014-07-29 15:06:00 - 2014-07-29 15:07:00
Tag                                                  Avg(ms)         Min         Max     Std Dev       Count

Performance Statistics   2014-07-29 15:07:00 - 2014-07-29 15:08:00
Tag                                                  Avg(ms)         Min         Max     Std Dev       Count

Performance Statistics   2014-07-29 15:08:00 - 2014-07-29 15:09:00
Tag                                                  Avg(ms)         Min         Max     Std Dev       Count

Performance Statistics   2014-07-29 15:09:00 - 2014-07-29 15:10:00
Tag                                                  Avg(ms)         Min         Max     Std Dev       Count

Performance Statistics   2014-07-29 15:10:00 - 2014-07-29 15:11:00
Tag                                                  Avg(ms)         Min         Max     Std Dev       Count

Performance Statistics   2014-07-29 15:11:00 - 2014-07-29 15:12:00
Tag                                                  Avg(ms)         Min         Max     Std Dev       Count

Performance Statistics   2014-07-29 15:12:00 - 2014-07-29 15:13:00
Tag                                                  Avg(ms)         Min         Max     Std Dev       Count

Performance Statistics   2014-07-29 15:13:00 - 2014-07-29 15:14:00
Tag                                                  Avg(ms)         Min         Max     Std Dev       Count
GRANT_SERVICE_TICKET                                     5.0           5           5         0.0           1

Performance Statistics   2014-07-29 15:14:00 - 2014-07-29 15:15:00
Tag                                                  Avg(ms)         Min         Max     Std Dev       Count
GRANT_SERVICE_TICKET                                     5.0           5           5         0.0           1

Performance Statistics   2014-07-29 15:15:00 - 2014-07-29 15:16:00
Tag                                                  Avg(ms)         Min         Max     Std Dev       Count

Performance Statistics   2014-07-29 15:16:00 - 2014-07-29 15:17:00
Tag                                                  Avg(ms)         Min         Max     Std Dev       Count

Performance Statistics   2014-07-29 15:17:00 - 2014-07-29 15:18:00
Tag                                                  Avg(ms)         Min         Max     Std Dev       Count
AUTHENTICATE                                             8.0           8           8         0.0           1
CREATE_TICKET_GRANTING_TICKET                           12.0          12          12         0.0           1
GRANT_SERVICE_TICKET                                     8.0           8           8         0.0           1

Performance Statistics   2014-07-29 15:18:00 - 2014-07-29 15:19:00
Tag                                                  Avg(ms)         Min         Max     Std Dev       Count

Performance Statistics   2014-07-29 15:19:00 - 2014-07-29 15:20:00
Tag                                                  Avg(ms)         Min         Max     Std Dev       Count

Performance Statistics   2014-07-29 15:20:00 - 2014-07-29 15:21:00
Tag                                                  Avg(ms)         Min         Max     Std Dev       Count
GRANT_SERVICE_TICKET                                     5.0           5           5         0.0           1
VALIDATE_SERVICE_TICKET                                  3.0           3           3         0.0           1

Performance Statistics   2014-07-29 15:21:00 - 2014-07-29 15:22:00
Tag                                                  Avg(ms)         Min         Max     Std Dev       Count
GRANT_SERVICE_TICKET                                     1.0           1           1         0.0           1
VALIDATE_SERVICE_TICKET                                  0.0           0           0         0.0           1

Performance Statistics   2014-07-29 15:22:00 - 2014-07-29 15:23:00
Tag                                                  Avg(ms)         Min         Max     Std Dev       Count
GRANT_SERVICE_TICKET                                     0.5           0           1         0.5           4
VALIDATE_SERVICE_TICKET                                  0.0           0           0         0.0           2

Performance Statistics   2014-07-29 15:23:00 - 2014-07-29 15:24:00
Tag                                                  Avg(ms)         Min         Max     Std Dev       Count
AUTHENTICATE                                             0.5           0           1         0.5           2
CREATE_TICKET_GRANTING_TICKET                            1.5           1           2         0.5           2
GRANT_SERVICE_TICKET                                     0.3           0           1         0.5           3
VALIDATE_SERVICE_TICKET                                  1.7           0           3         1.2           3

Performance Statistics   2014-07-29 15:24:00 - 2014-07-29 15:25:00
Tag                                                  Avg(ms)         Min         Max     Std Dev       Count

Performance Statistics   2014-07-29 15:25:00 - 2014-07-29 15:26:00
Tag                                                  Avg(ms)         Min         Max     Std Dev       Count
GRANT_SERVICE_TICKET                                     0.0           0           0         0.0           1
VALIDATE_SERVICE_TICKET                                  0.0           0           0         0.0           1

Performance Statistics   2014-07-29 15:26:00 - 2014-07-29 15:27:00
Tag                                                  Avg(ms)         Min         Max     Std Dev       Count

Performance Statistics   2014-07-29 15:27:00 - 2014-07-29 15:28:00
Tag                                                  Avg(ms)         Min         Max     Std Dev       Count

Performance Statistics   2014-07-29 15:28:00 - 2014-07-29 15:29:00
Tag                                                  Avg(ms)         Min         Max     Std Dev       Count
GRANT_SERVICE_TICKET                                     0.0           0           0         0.0           1
VALIDATE_SERVICE_TICKET                                  0.0           0           0         0.0           1

Performance Statistics   2014-07-29 15:29:00 - 2014-07-29 15:30:00
Tag                                                  Avg(ms)         Min         Max     Std Dev       Count

Performance Statistics   2014-07-29 15:30:00 - 2014-07-29 15:31:00
Tag                                                  Avg(ms)         Min         Max     Std Dev       Count

Performance Statistics   2014-07-29 15:31:00 - 2014-07-29 15:32:00
Tag                                                  Avg(ms)         Min         Max     Std Dev       Count
AUTHENTICATE                                             0.0           0           0         0.0           1
CREATE_TICKET_GRANTING_TICKET                            1.0           1           1         0.0           1
DESTROY_TICKET_GRANTING_TICKET                          14.0          14          14         0.0           1
GRANT_SERVICE_TICKET                                     1.0           1           1         0.0           1
VALIDATE_SERVICE_TICKET                                  0.0           0           0         0.0           1

Performance Statistics   2014-07-29 15:32:00 - 2014-07-29 15:33:00
Tag                                                  Avg(ms)         Min         Max     Std Dev       Count

Performance Statistics   2014-07-29 15:33:00 - 2014-07-29 15:34:00
Tag                                                  Avg(ms)         Min         Max     Std Dev       Count

Performance Statistics   2014-07-29 15:34:00 - 2014-07-29 15:35:00
Tag                                                  Avg(ms)         Min         Max     Std Dev       Count

Performance Statistics   2014-07-29 15:35:00 - 2014-07-29 15:36:00
Tag                                                  Avg(ms)         Min         Max     Std Dev       Count

Performance Statistics   2014-07-29 15:36:00 - 2014-07-29 15:37:00
Tag                                                  Avg(ms)         Min         Max     Std Dev       Count

Performance Statistics   2014-07-29 15:37:00 - 2014-07-29 15:38:00
Tag                                                  Avg(ms)         Min         Max     Std Dev       Count

Performance Statistics   2014-07-29 15:38:00 - 2014-07-29 15:39:00
Tag                                                  Avg(ms)         Min         Max     Std Dev       Count

Performance Statistics   2014-07-29 15:39:00 - 2014-07-29 15:40:00
Tag                                                  Avg(ms)         Min         Max     Std Dev       Count

Performance Statistics   2014-07-29 15:40:00 - 2014-07-29 15:41:00
Tag                                                  Avg(ms)         Min         Max     Std Dev       Count
GRANT_SERVICE_TICKET                                200703.7      117344      262115     50166.7           6

Performance Statistics   2014-07-29 15:41:00 - 2014-07-29 15:42:00
Tag                                                  Avg(ms)         Min         Max     Std Dev       Count
AUTHENTICATE                                        169388.0       52568      286208    116820.0           2
CREATE_TICKET_GRANTING_TICKET                       169392.0       52572      286212    116820.0           2
GRANT_SERVICE_TICKET                                  3961.7          16       10370      4312.6           4

Performance Statistics   2014-07-29 15:42:00 - 2014-07-29 15:43:00
Tag                                                  Avg(ms)         Min         Max     Std Dev       Count
AUTHENTICATE                                            10.0          10          10         0.0           1
CREATE_TICKET_GRANTING_TICKET                           16.0          16          16         0.0           1
DESTROY_TICKET_GRANTING_TICKET                           9.0           1          17         8.0           2
GRANT_SERVICE_TICKET                                     4.0           3           5         1.0           2
VALIDATE_SERVICE_TICKET                                  3.5           1           6         2.5           2

Performance Statistics   2014-07-29 15:43:00 - 2014-07-29 15:44:00
Tag                                                  Avg(ms)         Min         Max     Std Dev       Count
AUTHENTICATE                                             1.0           1           1         0.0           1
CREATE_TICKET_GRANTING_TICKET                            1.0           1           1         0.0           1
GRANT_SERVICE_TICKET                                     0.5           0           1         0.5           2
VALIDATE_SERVICE_TICKET                                  0.0           0           0         0.0           2

Performance Statistics   2014-07-29 15:44:00 - 2014-07-29 15:45:00
Tag                                                  Avg(ms)         Min         Max     Std Dev       Count
DESTROY_TICKET_GRANTING_TICKET                           2.0           2           2         0.0           1

Performance Statistics   2014-07-29 15:45:00 - 2014-07-29 15:46:00
Tag                                                  Avg(ms)         Min         Max     Std Dev       Count

Performance Statistics   2014-07-29 15:46:00 - 2014-07-29 15:47:00
Tag                                                  Avg(ms)         Min         Max     Std Dev       Count

Performance Statistics   2014-07-29 15:47:00 - 2014-07-29 15:48:00
Tag                                                  Avg(ms)         Min         Max     Std Dev       Count

Performance Statistics   2014-07-29 15:48:00 - 2014-07-29 15:49:00
Tag                                                  Avg(ms)         Min         Max     Std Dev       Count

Performance Statistics   2014-07-29 15:49:00 - 2014-07-29 15:50:00
Tag                                                  Avg(ms)         Min         Max     Std Dev       Count

Performance Statistics   2014-07-29 15:50:00 - 2014-07-29 15:51:00
Tag                                                  Avg(ms)         Min         Max     Std Dev       Count
AUTHENTICATE                                             2.0           2           2         0.0           1
CREATE_TICKET_GRANTING_TICKET                            4.0           4           4         0.0           1
GRANT_SERVICE_TICKET                                     5.0           5           5         0.0           1

Performance Statistics   2014-07-29 15:51:00 - 2014-07-29 15:52:00
Tag                                                  Avg(ms)         Min         Max     Std Dev       Count

Performance Statistics   2014-07-29 15:52:00 - 2014-07-29 15:53:00
Tag                                                  Avg(ms)         Min         Max     Std Dev       Count

Performance Statistics   2014-07-29 15:53:00 - 2014-07-29 15:54:00
Tag                                                  Avg(ms)         Min         Max     Std Dev       Count

Performance Statistics   2014-07-29 15:54:00 - 2014-07-29 15:55:00
Tag                                                  Avg(ms)         Min         Max     Std Dev       Count

Performance Statistics   2014-07-29 15:55:00 - 2014-07-29 15:56:00
Tag                                                  Avg(ms)         Min         Max     Std Dev       Count

Performance Statistics   2014-07-29 15:56:00 - 2014-07-29 15:57:00
Tag                                                  Avg(ms)         Min         Max     Std Dev       Count

Performance Statistics   2014-07-29 15:57:00 - 2014-07-29 15:58:00
Tag                                                  Avg(ms)         Min         Max     Std Dev       Count

Performance Statistics   2014-07-29 15:58:00 - 2014-07-29 15:59:00
Tag                                                  Avg(ms)         Min         Max     Std Dev       Count
AUTHENTICATE                                             0.0           0           0         0.0           1
CREATE_TICKET_GRANTING_TICKET                            1.0           1           1         0.0           1
GRANT_SERVICE_TICKET                                     0.0           0           0         0.0           1

Performance Statistics   2014-07-29 15:59:00 - 2014-07-29 16:00:00
Tag                                                  Avg(ms)         Min         Max     Std Dev       Count

Performance Statistics   2014-07-29 16:00:00 - 2014-07-29 16:01:00
Tag                                                  Avg(ms)         Min         Max     Std Dev       Count

Performance Statistics   2014-07-29 16:01:00 - 2014-07-29 16:02:00
Tag                                                  Avg(ms)         Min         Max     Std Dev       Count

Performance Statistics   2014-07-29 16:02:00 - 2014-07-29 16:03:00
Tag                                                  Avg(ms)         Min         Max     Std Dev       Count

Performance Statistics   2014-07-29 16:03:00 - 2014-07-29 16:04:00
Tag                                                  Avg(ms)         Min         Max     Std Dev       Count

Performance Statistics   2014-07-29 16:04:00 - 2014-07-29 16:05:00
Tag                                                  Avg(ms)         Min         Max     Std Dev       Count
GRANT_SERVICE_TICKET                                     1.0           1           1         0.0           1

Performance Statistics   2014-07-29 16:05:00 - 2014-07-29 16:06:00
Tag                                                  Avg(ms)         Min         Max     Std Dev       Count

Performance Statistics   2014-07-29 16:06:00 - 2014-07-29 16:07:00
Tag                                                  Avg(ms)         Min         Max     Std Dev       Count

Performance Statistics   2014-07-29 16:07:00 - 2014-07-29 16:08:00
Tag                                                  Avg(ms)         Min         Max     Std Dev       Count

Performance Statistics   2014-07-29 16:08:00 - 2014-07-29 16:09:00
Tag                                                  Avg(ms)         Min         Max     Std Dev       Count

Performance Statistics   2014-07-29 16:14:00 - 2014-07-29 16:15:00
Tag                                                  Avg(ms)         Min         Max     Std Dev       Count

Performance Statistics   2014-07-29 16:15:00 - 2014-07-29 16:16:00
Tag                                                  Avg(ms)         Min         Max     Std Dev       Count

Performance Statistics   2014-07-29 16:16:00 - 2014-07-29 16:17:00
Tag                                                  Avg(ms)         Min         Max     Std Dev       Count

Performance Statistics   2014-07-29 16:17:00 - 2014-07-29 16:18:00
Tag                                                  Avg(ms)         Min         Max     Std Dev       Count

Performance Statistics   2014-07-29 16:18:00 - 2014-07-29 16:19:00
Tag                                                  Avg(ms)         Min         Max     Std Dev       Count

Performance Statistics   2014-07-29 16:19:00 - 2014-07-29 16:20:00
Tag                                                  Avg(ms)         Min         Max     Std Dev       Count

Performance Statistics   2014-07-29 16:20:00 - 2014-07-29 16:21:00
Tag                                                  Avg(ms)         Min         Max     Std Dev       Count

Performance Statistics   2014-07-29 16:21:00 - 2014-07-29 16:22:00
Tag                                                  Avg(ms)         Min         Max     Std Dev       Count

Performance Statistics   2014-07-29 16:22:00 - 2014-07-29 16:23:00
Tag                                                  Avg(ms)         Min         Max     Std Dev       Count

Performance Statistics   2014-07-29 16:23:00 - 2014-07-29 16:24:00
Tag                                                  Avg(ms)         Min         Max     Std Dev       Count

Performance Statistics   2014-07-29 16:24:00 - 2014-07-29 16:25:00
Tag                                                  Avg(ms)         Min         Max     Std Dev       Count

Performance Statistics   2014-07-29 16:26:00 - 2014-07-29 16:27:00
Tag                                                  Avg(ms)         Min         Max     Std Dev       Count

Performance Statistics   2014-07-29 16:27:00 - 2014-07-29 16:28:00
Tag                                                  Avg(ms)         Min         Max     Std Dev       Count
AUTHENTICATE                                             3.0           3           3         0.0           1
CREATE_TICKET_GRANTING_TICKET                            5.0           5           5         0.0           1
DESTROY_TICKET_GRANTING_TICKET                           2.0           0           3         1.4           3
GRANT_SERVICE_TICKET                                     1.0           1           1         0.0           1
VALIDATE_SERVICE_TICKET                                  8.0           8           8         0.0           1

Performance Statistics   2014-07-29 16:28:00 - 2014-07-29 16:29:00
Tag                                                  Avg(ms)         Min         Max     Std Dev       Count
AUTHENTICATE                                             0.0           0           0         0.0           1
CREATE_TICKET_GRANTING_TICKET                            1.0           1           1         0.0           1
DESTROY_TICKET_GRANTING_TICKET                           2.0           2           2         0.0           1
GRANT_SERVICE_TICKET                                     0.0           0           0         0.0           1
VALIDATE_SERVICE_TICKET                                  0.0           0           0         0.0           1

Performance Statistics   2014-07-29 16:29:00 - 2014-07-29 16:30:00
Tag                                                  Avg(ms)         Min         Max     Std Dev       Count

Performance Statistics   2014-07-29 16:30:00 - 2014-07-29 16:31:00
Tag                                                  Avg(ms)         Min         Max     Std Dev       Count
AUTHENTICATE                                             1.0           1           1         0.0           1
CREATE_TICKET_GRANTING_TICKET                            2.0           2           2         0.0           1

Performance Statistics   2014-07-29 16:31:00 - 2014-07-29 16:32:00
Tag                                                  Avg(ms)         Min         Max     Std Dev       Count

Performance Statistics   2014-07-29 16:32:00 - 2014-07-29 16:33:00
Tag                                                  Avg(ms)         Min         Max     Std Dev       Count

Performance Statistics   2014-07-29 16:33:00 - 2014-07-29 16:34:00
Tag                                                  Avg(ms)         Min         Max     Std Dev       Count

Performance Statistics   2014-07-29 16:34:00 - 2014-07-29 16:35:00
Tag                                                  Avg(ms)         Min         Max     Std Dev       Count

Performance Statistics   2014-07-29 16:35:00 - 2014-07-29 16:36:00
Tag                                                  Avg(ms)         Min         Max     Std Dev       Count

Performance Statistics   2014-07-29 16:36:00 - 2014-07-29 16:37:00
Tag                                                  Avg(ms)         Min         Max     Std Dev       Count

Performance Statistics   2014-07-29 16:37:00 - 2014-07-29 16:38:00
Tag                                                  Avg(ms)         Min         Max     Std Dev       Count

Performance Statistics   2014-07-29 16:38:00 - 2014-07-29 16:39:00
Tag                                                  Avg(ms)         Min         Max     Std Dev       Count

Performance Statistics   2014-07-29 16:39:00 - 2014-07-29 16:40:00
Tag                                                  Avg(ms)         Min         Max     Std Dev       Count

Performance Statistics   2014-07-29 16:40:00 - 2014-07-29 16:41:00
Tag                                                  Avg(ms)         Min         Max     Std Dev       Count

Performance Statistics   2014-07-29 16:41:00 - 2014-07-29 16:42:00
Tag                                                  Avg(ms)         Min         Max     Std Dev       Count

Performance Statistics   2014-07-29 16:42:00 - 2014-07-29 16:43:00
Tag                                                  Avg(ms)         Min         Max     Std Dev       Count

Performance Statistics   2014-07-29 16:43:00 - 2014-07-29 16:44:00
Tag                                                  Avg(ms)         Min         Max     Std Dev       Count

Performance Statistics   2014-07-29 16:44:00 - 2014-07-29 16:45:00
Tag                                                  Avg(ms)         Min         Max     Std Dev       Count

Performance Statistics   2014-07-29 16:45:00 - 2014-07-29 16:46:00
Tag                                                  Avg(ms)         Min         Max     Std Dev       Count

Performance Statistics   2014-07-29 16:46:00 - 2014-07-29 16:47:00
Tag                                                  Avg(ms)         Min         Max     Std Dev       Count

Performance Statistics   2014-07-29 16:47:00 - 2014-07-29 16:48:00
Tag                                                  Avg(ms)         Min         Max     Std Dev       Count

Performance Statistics   2014-07-29 16:48:00 - 2014-07-29 16:49:00
Tag                                                  Avg(ms)         Min         Max     Std Dev       Count

Performance Statistics   2014-07-29 16:49:00 - 2014-07-29 16:50:00
Tag                                                  Avg(ms)         Min         Max     Std Dev       Count

Performance Statistics   2014-07-29 16:50:00 - 2014-07-29 16:51:00
Tag                                                  Avg(ms)         Min         Max     Std Dev       Count

Performance Statistics   2014-07-29 16:51:00 - 2014-07-29 16:52:00
Tag                                                  Avg(ms)         Min         Max     Std Dev       Count
AUTHENTICATE                                             0.0           0           0         0.0           1
CREATE_TICKET_GRANTING_TICKET                            2.0           2           2         0.0           1
GRANT_SERVICE_TICKET                                     2.5           2           3         0.5           2
VALIDATE_SERVICE_TICKET                                  0.0           0           0         0.0           2

Performance Statistics   2014-07-29 16:52:00 - 2014-07-29 16:53:00
Tag                                                  Avg(ms)         Min         Max     Std Dev       Count

Performance Statistics   2014-07-29 16:53:00 - 2014-07-29 16:54:00
Tag                                                  Avg(ms)         Min         Max     Std Dev       Count

Performance Statistics   2014-07-29 16:54:00 - 2014-07-29 16:55:00
Tag                                                  Avg(ms)         Min         Max     Std Dev       Count
AUTHENTICATE                                             0.0           0           0         0.0           1
CREATE_TICKET_GRANTING_TICKET                            1.0           1           1         0.0           1
DESTROY_TICKET_GRANTING_TICKET                           2.0           2           2         0.0           1
GRANT_SERVICE_TICKET                                     0.5           0           1         0.5           2
VALIDATE_SERVICE_TICKET                                  0.0           0           0         0.0           2

Performance Statistics   2014-07-29 16:55:00 - 2014-07-29 16:56:00
Tag                                                  Avg(ms)         Min         Max     Std Dev       Count

Performance Statistics   2014-07-29 16:56:00 - 2014-07-29 16:57:00
Tag                                                  Avg(ms)         Min         Max     Std Dev       Count

Performance Statistics   2014-07-29 16:57:00 - 2014-07-29 16:58:00
Tag                                                  Avg(ms)         Min         Max     Std Dev       Count
DESTROY_TICKET_GRANTING_TICKET                           4.0           4           4         0.0           1
GRANT_SERVICE_TICKET                                     0.0           0           0         0.0           1
VALIDATE_SERVICE_TICKET                                  0.0           0           0         0.0           1

Performance Statistics   2014-07-29 16:58:00 - 2014-07-29 16:59:00
Tag                                                  Avg(ms)         Min         Max     Std Dev       Count

Performance Statistics   2014-07-29 16:59:00 - 2014-07-29 17:00:00
Tag                                                  Avg(ms)         Min         Max     Std Dev       Count

Performance Statistics   2014-07-29 17:00:00 - 2014-07-29 17:01:00
Tag                                                  Avg(ms)         Min         Max     Std Dev       Count

Performance Statistics   2014-07-29 17:01:00 - 2014-07-29 17:02:00
Tag                                                  Avg(ms)         Min         Max     Std Dev       Count

Performance Statistics   2014-07-29 17:02:00 - 2014-07-29 17:03:00
Tag                                                  Avg(ms)         Min         Max     Std Dev       Count

Performance Statistics   2014-07-29 17:03:00 - 2014-07-29 17:04:00
Tag                                                  Avg(ms)         Min         Max     Std Dev       Count
AUTHENTICATE                                             0.0           0           0         0.0           1
CREATE_TICKET_GRANTING_TICKET                            1.0           1           1         0.0           1
GRANT_SERVICE_TICKET                                     0.0           0           0         0.0           1
VALIDATE_SERVICE_TICKET                                  0.0           0           0         0.0           1

Performance Statistics   2014-07-29 17:04:00 - 2014-07-29 17:05:00
Tag                                                  Avg(ms)         Min         Max     Std Dev       Count
GRANT_SERVICE_TICKET                                     0.0           0           0         0.0           1
VALIDATE_SERVICE_TICKET                                  0.0           0           0         0.0           1

Performance Statistics   2014-07-29 17:05:00 - 2014-07-29 17:06:00
Tag                                                  Avg(ms)         Min         Max     Std Dev       Count

Performance Statistics   2014-07-29 17:06:00 - 2014-07-29 17:07:00
Tag                                                  Avg(ms)         Min         Max     Std Dev       Count

Performance Statistics   2014-07-29 17:07:00 - 2014-07-29 17:08:00
Tag                                                  Avg(ms)         Min         Max     Std Dev       Count

Performance Statistics   2014-07-30 09:30:00 - 2014-07-30 09:31:00
Tag                                                  Avg(ms)         Min         Max     Std Dev       Count

Performance Statistics   2014-07-30 09:31:00 - 2014-07-30 09:32:00
Tag                                                  Avg(ms)         Min         Max     Std Dev       Count

Performance Statistics   2014-07-30 09:32:00 - 2014-07-30 09:33:00
Tag                                                  Avg(ms)         Min         Max     Std Dev       Count

Performance Statistics   2014-07-30 09:33:00 - 2014-07-30 09:34:00
Tag                                                  Avg(ms)         Min         Max     Std Dev       Count

Performance Statistics   2014-07-30 09:34:00 - 2014-07-30 09:35:00
Tag                                                  Avg(ms)         Min         Max     Std Dev       Count

Performance Statistics   2014-07-30 09:35:00 - 2014-07-30 09:36:00
Tag                                                  Avg(ms)         Min         Max     Std Dev       Count

Performance Statistics   2014-07-30 09:36:00 - 2014-07-30 09:37:00
Tag                                                  Avg(ms)         Min         Max     Std Dev       Count

Performance Statistics   2014-07-30 09:37:00 - 2014-07-30 09:38:00
Tag                                                  Avg(ms)         Min         Max     Std Dev       Count

Performance Statistics   2014-07-30 09:38:00 - 2014-07-30 09:39:00
Tag                                                  Avg(ms)         Min         Max     Std Dev       Count

Performance Statistics   2014-07-30 09:39:00 - 2014-07-30 09:40:00
Tag                                                  Avg(ms)         Min         Max     Std Dev       Count

Performance Statistics   2014-07-30 09:40:00 - 2014-07-30 09:41:00
Tag                                                  Avg(ms)         Min         Max     Std Dev       Count

Performance Statistics   2014-07-30 09:41:00 - 2014-07-30 09:42:00
Tag                                                  Avg(ms)         Min         Max     Std Dev       Count

Performance Statistics   2014-07-30 09:42:00 - 2014-07-30 09:43:00
Tag                                                  Avg(ms)         Min         Max     Std Dev       Count

Performance Statistics   2014-07-30 09:43:00 - 2014-07-30 09:44:00
Tag                                                  Avg(ms)         Min         Max     Std Dev       Count

Performance Statistics   2014-07-30 09:44:00 - 2014-07-30 09:45:00
Tag                                                  Avg(ms)         Min         Max     Std Dev       Count

Performance Statistics   2014-07-30 09:45:00 - 2014-07-30 09:46:00
Tag                                                  Avg(ms)         Min         Max     Std Dev       Count

Performance Statistics   2014-07-30 09:46:00 - 2014-07-30 09:47:00
Tag                                                  Avg(ms)         Min         Max     Std Dev       Count

Performance Statistics   2014-07-30 09:47:00 - 2014-07-30 09:48:00
Tag                                                  Avg(ms)         Min         Max     Std Dev       Count

Performance Statistics   2014-07-30 09:48:00 - 2014-07-30 09:49:00
Tag                                                  Avg(ms)         Min         Max     Std Dev       Count

Performance Statistics   2014-07-30 09:49:00 - 2014-07-30 09:50:00
Tag                                                  Avg(ms)         Min         Max     Std Dev       Count

Performance Statistics   2014-07-30 09:50:00 - 2014-07-30 09:51:00
Tag                                                  Avg(ms)         Min         Max     Std Dev       Count

Performance Statistics   2014-07-30 09:51:00 - 2014-07-30 09:52:00
Tag                                                  Avg(ms)         Min         Max     Std Dev       Count

Performance Statistics   2014-07-30 09:52:00 - 2014-07-30 09:53:00
Tag                                                  Avg(ms)         Min         Max     Std Dev       Count
AUTHENTICATE                                             4.5           4           5         0.5           2
CREATE_TICKET_GRANTING_TICKET                            7.0           7           7         0.0           2
GRANT_SERVICE_TICKET                                     3.0           3           3         0.0           1
VALIDATE_SERVICE_TICKET                                  7.0           7           7         0.0           1

Performance Statistics   2014-07-30 09:53:00 - 2014-07-30 09:54:00
Tag                                                  Avg(ms)         Min         Max     Std Dev       Count

Performance Statistics   2014-07-30 09:54:00 - 2014-07-30 09:55:00
Tag                                                  Avg(ms)         Min         Max     Std Dev       Count

Performance Statistics   2014-07-30 09:55:00 - 2014-07-30 09:56:00
Tag                                                  Avg(ms)         Min         Max     Std Dev       Count

Performance Statistics   2014-07-30 09:56:00 - 2014-07-30 09:57:00
Tag                                                  Avg(ms)         Min         Max     Std Dev       Count

Performance Statistics   2014-07-30 09:57:00 - 2014-07-30 09:58:00
Tag                                                  Avg(ms)         Min         Max     Std Dev       Count
DESTROY_TICKET_GRANTING_TICKET                           2.0           2           2         0.0           1

Performance Statistics   2014-07-30 09:58:00 - 2014-07-30 09:59:00
Tag                                                  Avg(ms)         Min         Max     Std Dev       Count
AUTHENTICATE                                             0.0           0           0         0.0           1
CREATE_TICKET_GRANTING_TICKET                            1.0           1           1         0.0           1
GRANT_SERVICE_TICKET                                     1.5           1           2         0.5           2
VALIDATE_SERVICE_TICKET                                  0.0           0           0         0.0           2

Performance Statistics   2014-07-30 09:59:00 - 2014-07-30 10:00:00
Tag                                                  Avg(ms)         Min         Max     Std Dev       Count
DESTROY_TICKET_GRANTING_TICKET                           2.0           2           2         0.0           1

Performance Statistics   2014-07-30 10:00:00 - 2014-07-30 10:01:00
Tag                                                  Avg(ms)         Min         Max     Std Dev       Count

Performance Statistics   2014-07-30 10:01:00 - 2014-07-30 10:02:00
Tag                                                  Avg(ms)         Min         Max     Std Dev       Count

Performance Statistics   2014-07-30 10:02:00 - 2014-07-30 10:03:00
Tag                                                  Avg(ms)         Min         Max     Std Dev       Count

Performance Statistics   2014-07-30 10:03:00 - 2014-07-30 10:04:00
Tag                                                  Avg(ms)         Min         Max     Std Dev       Count

Performance Statistics   2014-07-30 10:04:00 - 2014-07-30 10:05:00
Tag                                                  Avg(ms)         Min         Max     Std Dev       Count

Performance Statistics   2014-07-30 10:05:00 - 2014-07-30 10:06:00
Tag                                                  Avg(ms)         Min         Max     Std Dev       Count

Performance Statistics   2014-07-30 10:06:00 - 2014-07-30 10:07:00
Tag                                                  Avg(ms)         Min         Max     Std Dev       Count

Performance Statistics   2014-07-30 10:07:00 - 2014-07-30 10:08:00
Tag                                                  Avg(ms)         Min         Max     Std Dev       Count

Performance Statistics   2014-07-30 10:08:00 - 2014-07-30 10:09:00
Tag                                                  Avg(ms)         Min         Max     Std Dev       Count

Performance Statistics   2014-07-30 10:09:00 - 2014-07-30 10:10:00
Tag                                                  Avg(ms)         Min         Max     Std Dev       Count

Performance Statistics   2014-07-30 10:10:00 - 2014-07-30 10:11:00
Tag                                                  Avg(ms)         Min         Max     Std Dev       Count

Performance Statistics   2014-07-30 10:11:00 - 2014-07-30 10:12:00
Tag                                                  Avg(ms)         Min         Max     Std Dev       Count

Performance Statistics   2014-07-30 10:12:00 - 2014-07-30 10:13:00
Tag                                                  Avg(ms)         Min         Max     Std Dev       Count

Performance Statistics   2014-07-30 10:13:00 - 2014-07-30 10:14:00
Tag                                                  Avg(ms)         Min         Max     Std Dev       Count
AUTHENTICATE                                             1.0           1           1         0.0           1
CREATE_TICKET_GRANTING_TICKET                            3.0           3           3         0.0           1
GRANT_SERVICE_TICKET                                     0.0           0           0         0.0           1
VALIDATE_SERVICE_TICKET                                  0.0           0           0         0.0           1

Performance Statistics   2014-07-30 10:14:00 - 2014-07-30 10:15:00
Tag                                                  Avg(ms)         Min         Max     Std Dev       Count

Performance Statistics   2014-07-30 10:15:00 - 2014-07-30 10:16:00
Tag                                                  Avg(ms)         Min         Max     Std Dev       Count

Performance Statistics   2014-07-30 10:16:00 - 2014-07-30 10:17:00
Tag                                                  Avg(ms)         Min         Max     Std Dev       Count

Performance Statistics   2014-07-30 10:17:00 - 2014-07-30 10:18:00
Tag                                                  Avg(ms)         Min         Max     Std Dev       Count

Performance Statistics   2014-07-30 10:18:00 - 2014-07-30 10:19:00
Tag                                                  Avg(ms)         Min         Max     Std Dev       Count

Performance Statistics   2014-07-30 10:19:00 - 2014-07-30 10:20:00
Tag                                                  Avg(ms)         Min         Max     Std Dev       Count

Performance Statistics   2014-07-30 10:20:00 - 2014-07-30 10:21:00
Tag                                                  Avg(ms)         Min         Max     Std Dev       Count

Performance Statistics   2014-07-30 10:21:00 - 2014-07-30 10:22:00
Tag                                                  Avg(ms)         Min         Max     Std Dev       Count

Performance Statistics   2014-07-30 10:22:00 - 2014-07-30 10:23:00
Tag                                                  Avg(ms)         Min         Max     Std Dev       Count

Performance Statistics   2014-07-30 10:23:00 - 2014-07-30 10:24:00
Tag                                                  Avg(ms)         Min         Max     Std Dev       Count

Performance Statistics   2014-07-30 10:24:00 - 2014-07-30 10:25:00
Tag                                                  Avg(ms)         Min         Max     Std Dev       Count

Performance Statistics   2014-07-30 10:25:00 - 2014-07-30 10:26:00
Tag                                                  Avg(ms)         Min         Max     Std Dev       Count

Performance Statistics   2014-07-30 10:26:00 - 2014-07-30 10:27:00
Tag                                                  Avg(ms)         Min         Max     Std Dev       Count

Performance Statistics   2014-07-30 10:27:00 - 2014-07-30 10:28:00
Tag                                                  Avg(ms)         Min         Max     Std Dev       Count

Performance Statistics   2014-07-30 10:28:00 - 2014-07-30 10:29:00
Tag                                                  Avg(ms)         Min         Max     Std Dev       Count

Performance Statistics   2014-07-30 10:29:00 - 2014-07-30 10:30:00
Tag                                                  Avg(ms)         Min         Max     Std Dev       Count
AUTHENTICATE                                             0.0           0           0         0.0           1
CREATE_TICKET_GRANTING_TICKET                            1.0           1           1         0.0           1
GRANT_SERVICE_TICKET                                     0.5           0           1         0.5           2
VALIDATE_SERVICE_TICKET                                  0.0           0           0         0.0           2

Performance Statistics   2014-07-30 10:30:00 - 2014-07-30 10:31:00
Tag                                                  Avg(ms)         Min         Max     Std Dev       Count
AUTHENTICATE                                             0.0           0           0         0.0           1
CREATE_TICKET_GRANTING_TICKET                            1.0           1           1         0.0           1
GRANT_SERVICE_TICKET                                     0.0           0           0         0.0           1
VALIDATE_SERVICE_TICKET                                  0.0           0           0         0.0           1

Performance Statistics   2014-07-30 10:31:00 - 2014-07-30 10:32:00
Tag                                                  Avg(ms)         Min         Max     Std Dev       Count

Performance Statistics   2014-07-30 10:32:00 - 2014-07-30 10:33:00
Tag                                                  Avg(ms)         Min         Max     Std Dev       Count

Performance Statistics   2014-07-30 10:33:00 - 2014-07-30 10:34:00
Tag                                                  Avg(ms)         Min         Max     Std Dev       Count

Performance Statistics   2014-07-30 10:34:00 - 2014-07-30 10:35:00
Tag                                                  Avg(ms)         Min         Max     Std Dev       Count

Performance Statistics   2014-07-30 10:35:00 - 2014-07-30 10:36:00
Tag                                                  Avg(ms)         Min         Max     Std Dev       Count

Performance Statistics   2014-07-30 10:36:00 - 2014-07-30 10:37:00
Tag                                                  Avg(ms)         Min         Max     Std Dev       Count

Performance Statistics   2014-07-30 10:37:00 - 2014-07-30 10:38:00
Tag                                                  Avg(ms)         Min         Max     Std Dev       Count

Performance Statistics   2014-07-30 10:38:00 - 2014-07-30 10:39:00
Tag                                                  Avg(ms)         Min         Max     Std Dev       Count

Performance Statistics   2014-07-30 10:39:00 - 2014-07-30 10:40:00
Tag                                                  Avg(ms)         Min         Max     Std Dev       Count

Performance Statistics   2014-07-30 10:40:00 - 2014-07-30 10:41:00
Tag                                                  Avg(ms)         Min         Max     Std Dev       Count

Performance Statistics   2014-07-30 10:41:00 - 2014-07-30 10:42:00
Tag                                                  Avg(ms)         Min         Max     Std Dev       Count

Performance Statistics   2014-07-30 10:42:00 - 2014-07-30 10:43:00
Tag                                                  Avg(ms)         Min         Max     Std Dev       Count

Performance Statistics   2014-07-30 10:43:00 - 2014-07-30 10:44:00
Tag                                                  Avg(ms)         Min         Max     Std Dev       Count

Performance Statistics   2014-07-30 10:44:00 - 2014-07-30 10:45:00
Tag                                                  Avg(ms)         Min         Max     Std Dev       Count

Performance Statistics   2014-07-30 10:45:00 - 2014-07-30 10:46:00
Tag                                                  Avg(ms)         Min         Max     Std Dev       Count

Performance Statistics   2014-07-30 10:46:00 - 2014-07-30 10:47:00
Tag                                                  Avg(ms)         Min         Max     Std Dev       Count

Performance Statistics   2014-07-30 10:47:00 - 2014-07-30 10:48:00
Tag                                                  Avg(ms)         Min         Max     Std Dev       Count

Performance Statistics   2014-07-30 10:48:00 - 2014-07-30 10:49:00
Tag                                                  Avg(ms)         Min         Max     Std Dev       Count

Performance Statistics   2014-07-30 10:49:00 - 2014-07-30 10:50:00
Tag                                                  Avg(ms)         Min         Max     Std Dev       Count

Performance Statistics   2014-07-30 10:50:00 - 2014-07-30 10:51:00
Tag                                                  Avg(ms)         Min         Max     Std Dev       Count

Performance Statistics   2014-07-30 10:51:00 - 2014-07-30 10:52:00
Tag                                                  Avg(ms)         Min         Max     Std Dev       Count

Performance Statistics   2014-07-30 10:52:00 - 2014-07-30 10:53:00
Tag                                                  Avg(ms)         Min         Max     Std Dev       Count

Performance Statistics   2014-07-30 10:53:00 - 2014-07-30 10:54:00
Tag                                                  Avg(ms)         Min         Max     Std Dev       Count

Performance Statistics   2014-07-30 10:54:00 - 2014-07-30 10:55:00
Tag                                                  Avg(ms)         Min         Max     Std Dev       Count

Performance Statistics   2014-07-30 10:55:00 - 2014-07-30 10:56:00
Tag                                                  Avg(ms)         Min         Max     Std Dev       Count

Performance Statistics   2014-07-30 10:56:00 - 2014-07-30 10:57:00
Tag                                                  Avg(ms)         Min         Max     Std Dev       Count

Performance Statistics   2014-07-30 10:57:00 - 2014-07-30 10:58:00
Tag                                                  Avg(ms)         Min         Max     Std Dev       Count

Performance Statistics   2014-07-30 10:58:00 - 2014-07-30 10:59:00
Tag                                                  Avg(ms)         Min         Max     Std Dev       Count

Performance Statistics   2014-07-30 10:59:00 - 2014-07-30 11:00:00
Tag                                                  Avg(ms)         Min         Max     Std Dev       Count

Performance Statistics   2014-07-30 11:00:00 - 2014-07-30 11:01:00
Tag                                                  Avg(ms)         Min         Max     Std Dev       Count

Performance Statistics   2014-07-30 11:01:00 - 2014-07-30 11:02:00
Tag                                                  Avg(ms)         Min         Max     Std Dev       Count

Performance Statistics   2014-07-30 11:02:00 - 2014-07-30 11:03:00
Tag                                                  Avg(ms)         Min         Max     Std Dev       Count

Performance Statistics   2014-07-30 11:03:00 - 2014-07-30 11:04:00
Tag                                                  Avg(ms)         Min         Max     Std Dev       Count

Performance Statistics   2014-07-30 11:04:00 - 2014-07-30 11:05:00
Tag                                                  Avg(ms)         Min         Max     Std Dev       Count

Performance Statistics   2014-07-30 11:05:00 - 2014-07-30 11:06:00
Tag                                                  Avg(ms)         Min         Max     Std Dev       Count

Performance Statistics   2014-07-30 11:06:00 - 2014-07-30 11:07:00
Tag                                                  Avg(ms)         Min         Max     Std Dev       Count

Performance Statistics   2014-07-31 10:11:00 - 2014-07-31 10:12:00
Tag                                                  Avg(ms)         Min         Max     Std Dev       Count

Performance Statistics   2014-07-31 10:12:00 - 2014-07-31 10:13:00
Tag                                                  Avg(ms)         Min         Max     Std Dev       Count

Performance Statistics   2014-07-31 10:13:00 - 2014-07-31 10:14:00
Tag                                                  Avg(ms)         Min         Max     Std Dev       Count

Performance Statistics   2014-07-31 10:14:00 - 2014-07-31 10:15:00
Tag                                                  Avg(ms)         Min         Max     Std Dev       Count

Performance Statistics   2014-07-31 10:15:00 - 2014-07-31 10:16:00
Tag                                                  Avg(ms)         Min         Max     Std Dev       Count

Performance Statistics   2014-07-31 10:16:00 - 2014-07-31 10:17:00
Tag                                                  Avg(ms)         Min         Max     Std Dev       Count

Performance Statistics   2014-07-31 10:17:00 - 2014-07-31 10:18:00
Tag                                                  Avg(ms)         Min         Max     Std Dev       Count

Performance Statistics   2014-07-31 10:18:00 - 2014-07-31 10:19:00
Tag                                                  Avg(ms)         Min         Max     Std Dev       Count

Performance Statistics   2014-07-31 10:19:00 - 2014-07-31 10:20:00
Tag                                                  Avg(ms)         Min         Max     Std Dev       Count

Performance Statistics   2014-07-31 10:20:00 - 2014-07-31 10:21:00
Tag                                                  Avg(ms)         Min         Max     Std Dev       Count

Performance Statistics   2014-07-31 10:21:00 - 2014-07-31 10:22:00
Tag                                                  Avg(ms)         Min         Max     Std Dev       Count

Performance Statistics   2014-07-31 10:22:00 - 2014-07-31 10:23:00
Tag                                                  Avg(ms)         Min         Max     Std Dev       Count

Performance Statistics   2014-07-31 10:23:00 - 2014-07-31 10:24:00
Tag                                                  Avg(ms)         Min         Max     Std Dev       Count

Performance Statistics   2014-07-31 10:24:00 - 2014-07-31 10:25:00
Tag                                                  Avg(ms)         Min         Max     Std Dev       Count

Performance Statistics   2014-07-31 10:25:00 - 2014-07-31 10:26:00
Tag                                                  Avg(ms)         Min         Max     Std Dev       Count

Performance Statistics   2014-07-31 10:26:00 - 2014-07-31 10:27:00
Tag                                                  Avg(ms)         Min         Max     Std Dev       Count

Performance Statistics   2014-07-31 10:27:00 - 2014-07-31 10:28:00
Tag                                                  Avg(ms)         Min         Max     Std Dev       Count

Performance Statistics   2014-07-31 10:28:00 - 2014-07-31 10:29:00
Tag                                                  Avg(ms)         Min         Max     Std Dev       Count

Performance Statistics   2014-07-31 10:29:00 - 2014-07-31 10:30:00
Tag                                                  Avg(ms)         Min         Max     Std Dev       Count

Performance Statistics   2014-07-31 10:30:00 - 2014-07-31 10:31:00
Tag                                                  Avg(ms)         Min         Max     Std Dev       Count

Performance Statistics   2014-07-31 10:31:00 - 2014-07-31 10:32:00
Tag                                                  Avg(ms)         Min         Max     Std Dev       Count

